<?xml version="1.0" encoding="UTF-8"?>
<!-- Generated by org.testng.reporters.JUnitReportReporter -->
<testsuite hostname="DESKTOP-B6NN9JJ" failures="0" tests="1" name="learn_Selenium.HTTPRequestFetching" time="7.981" errors="0" timestamp="2023-09-03T22:57:32 IST" skipped="0">
  <testcase classname="learn_Selenium.HTTPRequestFetching" name="HTTPRequestFetching" time="7.981"/>
</testsuite> <!-- learn_Selenium.HTTPRequestFetching -->
