<?xml version="1.0" encoding="UTF-8"?>
<!-- Generated by org.testng.reporters.JUnitReportReporter -->
<testsuite hostname="DESKTOP-B6NN9JJ" failures="0" tests="1" name="leetCode_Practice.FindExtraElement_Array" time="0.012" errors="0" timestamp="2023-09-23T22:38:00 IST" skipped="0">
  <testcase classname="leetCode_Practice.FindExtraElement_Array" name="validData" time="0.012"/>
</testsuite> <!-- leetCode_Practice.FindExtraElement_Array -->
