<?xml version="1.0" encoding="UTF-8"?>
<!-- Generated by org.testng.reporters.JUnitReportReporter -->
<testsuite hostname="DESKTOP-B6NN9JJ" failures="0" tests="1" name="leetCode_Practice.HR_SubarrayDivision" time="263.958" errors="0" timestamp="2023-09-27T08:17:31 IST" skipped="0">
  <testcase classname="leetCode_Practice.HR_SubarrayDivision" name="validData" time="263.958"/>
</testsuite> <!-- leetCode_Practice.HR_SubarrayDivision -->
