<?xml version="1.0" encoding="UTF-8"?>
<!-- Generated by org.testng.reporters.JUnitReportReporter -->
<testsuite hostname="DESKTOP-B6NN9JJ" failures="0" tests="1" name="learn_DSA.bigONotation.timeComplexity.BON_03_LinearTime" time="0.012" errors="0" timestamp="2023-08-19T17:12:28 IST" skipped="0">
  <testcase classname="learn_DSA.bigONotation.timeComplexity.BON_03_LinearTime" name="logarithmicTime" time="0.012"/>
</testsuite> <!-- learn_DSA.bigONotation.timeComplexity.BON_03_LinearTime -->
