<?xml version="1.0" encoding="UTF-8"?>
<!-- Generated by org.testng.reporters.JUnitReportReporter -->
<testsuite hostname="DESKTOP-B6NN9JJ" failures="0" tests="1" name="learn_DSA.bigONotation.timeComplexity.Array" time="0.012" errors="0" timestamp="2023-08-24T15:44:39 IST" skipped="0">
  <testcase classname="learn_DSA.bigONotation.timeComplexity.Array" name="test" time="0.012"/>
</testsuite> <!-- learn_DSA.bigONotation.timeComplexity.Array -->
