<?xml version="1.0" encoding="UTF-8"?>
<!-- Generated by org.testng.reporters.JUnitReportReporter -->
<testsuite hostname="DESKTOP-B6NN9JJ" failures="0" tests="2" name="learn_DSA.bigONotation.timeComplexity.ConstrantTime" time="0.018" errors="0" timestamp="2023-08-19T15:37:32 IST" skipped="0">
  <testcase classname="learn_DSA.bigONotation.timeComplexity.ConstrantTime" name="constrantTime" time="0.016"/>
  <testcase classname="learn_DSA.bigONotation.timeComplexity.ConstrantTime" name="constrantTimeWithDifferentInput" time="0.002"/>
</testsuite> <!-- learn_DSA.bigONotation.timeComplexity.ConstrantTime -->
