<?xml version="1.0" encoding="UTF-8"?>
<!-- Generated by org.testng.reporters.JUnitReportReporter -->
<testsuite hostname="DESKTOP-B6NN9JJ" failures="0" tests="2" name="leetCode_Practice.HR_RepeatedString" time="0.019" errors="0" timestamp="2023-09-08T23:25:04 IST" skipped="0">
  <testcase classname="leetCode_Practice.HR_RepeatedString" name="validData1" time="0.002"/>
  <testcase classname="leetCode_Practice.HR_RepeatedString" name="validData" time="0.017"/>
</testsuite> <!-- leetCode_Practice.HR_RepeatedString -->
