<?xml version="1.0" encoding="UTF-8"?>
<!-- Generated by org.testng.reporters.JUnitReportReporter -->
<testsuite hostname="DESKTOP-B6NN9JJ" failures="0" tests="1" name="learn_DSA.bigONotation.timeComplexity.BON_02_LogarithmicTime" time="0.022" errors="0" timestamp="2023-08-19T16:07:11 IST" skipped="0">
  <testcase classname="learn_DSA.bigONotation.timeComplexity.BON_02_LogarithmicTime" name="logarithmicTime" time="0.022"/>
</testsuite> <!-- learn_DSA.bigONotation.timeComplexity.BON_02_LogarithmicTime -->
