<?xml version="1.0" encoding="UTF-8"?>
<!-- Generated by org.testng.reporters.JUnitReportReporter -->
<testsuite hostname="DESKTOP-B6NN9JJ" failures="0" tests="1" name="leetCode_Practice.FindContigiousArray" time="0.028" errors="0" timestamp="2023-09-27T19:53:09 IST" skipped="0">
  <testcase classname="leetCode_Practice.FindContigiousArray" name="testData" time="0.028"/>
</testsuite> <!-- leetCode_Practice.FindContigiousArray -->
