<?xml version="1.0" encoding="UTF-8"?>
<!-- Generated by org.testng.reporters.JUnitReportReporter -->
<testsuite hostname="DESKTOP-B6NN9JJ" failures="0" tests="2" name="leetCode_Practice.GSTIN_PAN" time="0.018" errors="0" timestamp="2023-09-27T12:55:01 IST" skipped="0">
  <testcase classname="leetCode_Practice.GSTIN_PAN" name="validData" time="0.002"/>
  <testcase classname="leetCode_Practice.GSTIN_PAN" name="invalidData" time="0.016"/>
</testsuite> <!-- leetCode_Practice.GSTIN_PAN -->
