<?xml version="1.0" encoding="UTF-8"?>
<!-- Generated by org.testng.reporters.JUnitReportReporter -->
<testsuite hostname="DESKTOP-B6NN9JJ" failures="0" tests="1" name="leetCode_Practice.ArrayProduct_" time="0.012" errors="0" timestamp="2023-09-27T10:43:07 IST" skipped="0">
  <testcase classname="leetCode_Practice.ArrayProduct_" name="testData" time="0.012"/>
</testsuite> <!-- leetCode_Practice.ArrayProduct_ -->
