<?xml version="1.0" encoding="UTF-8"?>
<!-- Generated by org.testng.reporters.JUnitReportReporter -->
<testsuite hostname="DESKTOP-B6NN9JJ" failures="0" tests="1" name="leetCode_Practice.NthArithmeticProgram" time="0.013" errors="0" timestamp="2023-09-24T20:37:31 IST" skipped="0">
  <testcase classname="leetCode_Practice.NthArithmeticProgram" name="testData" time="0.013"/>
</testsuite> <!-- leetCode_Practice.NthArithmeticProgram -->
