<?xml version="1.0" encoding="UTF-8"?>
<!-- Generated by org.testng.reporters.JUnitReportReporter -->
<testsuite hostname="DESKTOP-B6NN9JJ" failures="0" tests="1" name="leetCode_Practice.ArithmeticProgression" time="0.015" errors="0" timestamp="2023-09-23T23:03:24 IST" skipped="0">
  <testcase classname="leetCode_Practice.ArithmeticProgression" name="testData" time="0.015"/>
</testsuite> <!-- leetCode_Practice.ArithmeticProgression -->
