<?xml version="1.0" encoding="UTF-8"?>
<!-- Generated by org.testng.reporters.JUnitReportReporter -->
<testsuite hostname="DESKTOP-B6NN9JJ" failures="0" tests="1" name="leetCode_Practice.ReverseEveryWord" time="0.011" errors="0" timestamp="2023-09-27T20:15:52 IST" skipped="0">
  <testcase classname="leetCode_Practice.ReverseEveryWord" name="testData" time="0.011"/>
</testsuite> <!-- leetCode_Practice.ReverseEveryWord -->
